This file contains any messages produced by compilers while
running configure, to aid debugging if configure makes a mistake.

It was created by Jupiter configure 1.0, which was
generated by GNU Autoconf 2.69.  Invocation command line was

  $ ./configure 

## --------- ##
## Platform. ##
## --------- ##

hostname = Hu-Mingxu.local
uname -m = x86_64
uname -r = 14.3.0
uname -s = Darwin
uname -v = Darwin Kernel Version 14.3.0: Mon Mar 23 11:59:05 PDT 2015; root:xnu-2782.20.48~5/RELEASE_X86_64

/usr/bin/uname -p = i386
/bin/uname -X     = unknown

/bin/arch              = unknown
/usr/bin/arch -k       = unknown
/usr/convex/getsysinfo = unknown
/usr/bin/hostinfo      = Mach kernel version:
	 Darwin Kernel Version 14.3.0: Mon Mar 23 11:59:05 PDT 2015; root:xnu-2782.20.48~5/RELEASE_X86_64
Kernel configured for up to 8 processors.
4 processors are physically available.
8 processors are logically available.
Processor type: x86_64h (Intel x86-64h Haswell)
Processors active: 0 1 2 3 4 5 6 7
Primary memory available: 8.00 gigabytes
Default processor set: 260 tasks, 1232 threads, 8 processors
Load average: 1.37, Mach factor: 6.62
/bin/machine           = unknown
/usr/bin/oslevel       = unknown
/bin/universe          = unknown

PATH: /opt/intel/tbb/bin
PATH: /opt/intel/bin
PATH: /usr/local/cuda/bin
PATH: /usr/local/openmpi_1.8.5/bin
PATH: /opt/local/bin
PATH: /opt/local/sbin
PATH: /usr/local/bin
PATH: /usr/bin
PATH: /bin
PATH: /usr/sbin
PATH: /sbin
PATH: /opt/X11/bin
PATH: /usr/local/git/bin
PATH: /usr/texbin


## ----------- ##
## Core tests. ##
## ----------- ##

configure:2076: checking for gcc
configure:2092: found /opt/local/bin/gcc
configure:2103: result: gcc
configure:2332: checking for C compiler version
configure:2341: gcc --version >&5
gcc (MacPorts gcc49 4.9.2_1) 4.9.2
Copyright (C) 2014 Free Software Foundation, Inc.
This is free software; see the source for copying conditions.  There is NO
warranty; not even for MERCHANTABILITY or FITNESS FOR A PARTICULAR PURPOSE.

configure:2352: $? = 0
configure:2341: gcc -v >&5
Using built-in specs.
COLLECT_GCC=gcc
COLLECT_LTO_WRAPPER=/opt/local/libexec/gcc/x86_64-apple-darwin14/4.9.2/lto-wrapper
Target: x86_64-apple-darwin14
Configured with: /opt/local/var/macports/build/_opt_mports_dports_lang_gcc49/gcc49/work/gcc-4.9.2/configure --prefix=/opt/local --build=x86_64-apple-darwin14 --enable-languages=c,c++,objc,obj-c++,lto,fortran,java --libdir=/opt/local/lib/gcc49 --includedir=/opt/local/include/gcc49 --infodir=/opt/local/share/info --mandir=/opt/local/share/man --datarootdir=/opt/local/share/gcc-4.9 --with-local-prefix=/opt/local --with-system-zlib --disable-nls --program-suffix=-mp-4.9 --with-gxx-include-dir=/opt/local/include/gcc49/c++/ --with-gmp=/opt/local --with-mpfr=/opt/local --with-mpc=/opt/local --with-isl=/opt/local --disable-isl-version-check --with-cloog=/opt/local --disable-cloog-version-check --enable-stage1-checking --disable-multilib --enable-lto --enable-libstdcxx-time --with-as=/opt/local/bin/as --with-ld=/opt/local/bin/ld --with-ar=/opt/local/bin/ar --with-bugurl=https://trac.macports.org/newticket --with-pkgversion='MacPorts gcc49 4.9.2_1'
Thread model: posix
gcc version 4.9.2 (MacPorts gcc49 4.9.2_1) 
configure:2352: $? = 0
configure:2341: gcc -V >&5
gcc: error: unrecognized command line option '-V'
gcc: fatal error: no input files
compilation terminated.
configure:2352: $? = 1
configure:2341: gcc -qversion >&5
gcc: error: unrecognized command line option '-qversion'
gcc: fatal error: no input files
compilation terminated.
configure:2352: $? = 1
configure:2372: checking whether the C compiler works
configure:2394: gcc    conftest.c  >&5
configure:2398: $? = 0
configure:2446: result: yes
configure:2449: checking for C compiler default output file name
configure:2451: result: a.out
configure:2457: checking for suffix of executables
configure:2464: gcc -o conftest    conftest.c  >&5
configure:2468: $? = 0
configure:2490: result: 
configure:2512: checking whether we are cross compiling
configure:2520: gcc -o conftest    conftest.c  >&5
configure:2524: $? = 0
configure:2531: ./conftest
configure:2535: $? = 0
configure:2550: result: no
configure:2555: checking for suffix of object files
configure:2577: gcc -c   conftest.c >&5
configure:2581: $? = 0
configure:2602: result: o
configure:2606: checking whether we are using the GNU C compiler
configure:2625: gcc -c   conftest.c >&5
configure:2625: $? = 0
configure:2634: result: yes
configure:2643: checking whether gcc accepts -g
configure:2663: gcc -c -g  conftest.c >&5
configure:2663: $? = 0
configure:2704: result: yes
configure:2721: checking for gcc option to accept ISO C89
configure:2784: gcc  -c -g -O2  conftest.c >&5
configure:2784: $? = 0
configure:2797: result: none needed
configure:2821: checking for bash
configure:2842: found /opt/local/bin/bash
configure:2866: result: yes
configure:2919: checking for a BSD-compatible install
configure:2987: result: /usr/bin/install -c
configure:3002: checking for library containing pthread_create
configure:3033: gcc -o conftest -g -O2   conftest.c  >&5
configure:3033: $? = 0
configure:3050: result: none required
configure:3065: checking how to run the C preprocessor
configure:3096: gcc -E  conftest.c
configure:3096: $? = 0
configure:3110: gcc -E  conftest.c
conftest.c:9:28: fatal error: ac_nonexistent.h: No such file or directory
 #include <ac_nonexistent.h>
                            ^
compilation terminated.
configure:3110: $? = 1
configure: failed program was:
| /* confdefs.h */
| #define PACKAGE_NAME "Jupiter"
| #define PACKAGE_TARNAME "jupiter"
| #define PACKAGE_VERSION "1.0"
| #define PACKAGE_STRING "Jupiter 1.0"
| #define PACKAGE_BUGREPORT "hmx13@mails.tsinghua.edu.cn"
| #define PACKAGE_URL ""
| /* end confdefs.h.  */
| #include <ac_nonexistent.h>
configure:3135: result: gcc -E
configure:3155: gcc -E  conftest.c
configure:3155: $? = 0
configure:3169: gcc -E  conftest.c
conftest.c:9:28: fatal error: ac_nonexistent.h: No such file or directory
 #include <ac_nonexistent.h>
                            ^
compilation terminated.
configure:3169: $? = 1
configure: failed program was:
| /* confdefs.h */
| #define PACKAGE_NAME "Jupiter"
| #define PACKAGE_TARNAME "jupiter"
| #define PACKAGE_VERSION "1.0"
| #define PACKAGE_STRING "Jupiter 1.0"
| #define PACKAGE_BUGREPORT "hmx13@mails.tsinghua.edu.cn"
| #define PACKAGE_URL ""
| /* end confdefs.h.  */
| #include <ac_nonexistent.h>
configure:3198: checking for grep that handles long lines and -e
configure:3256: result: /opt/local/bin/grep
configure:3261: checking for egrep
configure:3323: result: /opt/local/bin/grep -E
configure:3328: checking for ANSI C header files
configure:3348: gcc -c -g -O2  conftest.c >&5
configure:3348: $? = 0
configure:3421: gcc -o conftest -g -O2   conftest.c  >&5
configure:3421: $? = 0
configure:3421: ./conftest
configure:3421: $? = 0
configure:3432: result: yes
configure:3445: checking for sys/types.h
configure:3445: gcc -c -g -O2  conftest.c >&5
configure:3445: $? = 0
configure:3445: result: yes
configure:3445: checking for sys/stat.h
configure:3445: gcc -c -g -O2  conftest.c >&5
configure:3445: $? = 0
configure:3445: result: yes
configure:3445: checking for stdlib.h
configure:3445: gcc -c -g -O2  conftest.c >&5
configure:3445: $? = 0
configure:3445: result: yes
configure:3445: checking for string.h
configure:3445: gcc -c -g -O2  conftest.c >&5
configure:3445: $? = 0
configure:3445: result: yes
configure:3445: checking for memory.h
configure:3445: gcc -c -g -O2  conftest.c >&5
configure:3445: $? = 0
configure:3445: result: yes
configure:3445: checking for strings.h
configure:3445: gcc -c -g -O2  conftest.c >&5
configure:3445: $? = 0
configure:3445: result: yes
configure:3445: checking for inttypes.h
configure:3445: gcc -c -g -O2  conftest.c >&5
configure:3445: $? = 0
configure:3445: result: yes
configure:3445: checking for stdint.h
configure:3445: gcc -c -g -O2  conftest.c >&5
configure:3445: $? = 0
configure:3445: result: yes
configure:3445: checking for unistd.h
configure:3445: gcc -c -g -O2  conftest.c >&5
configure:3445: $? = 0
configure:3445: result: yes
configure:3459: checking for stdlib.h
configure:3459: result: yes
configure:3471: checking pthread.h usability
configure:3471: gcc -c -g -O2  conftest.c >&5
configure:3471: $? = 0
configure:3471: result: yes
configure:3471: checking pthread.h presence
configure:3471: gcc -E  conftest.c
configure:3471: $? = 0
configure:3471: result: yes
configure:3471: checking for pthread.h
configure:3471: result: yes
configure:3606: creating ./config.status

## ---------------------- ##
## Running config.status. ##
## ---------------------- ##

This file was extended by Jupiter config.status 1.0, which was
generated by GNU Autoconf 2.69.  Invocation command line was

  CONFIG_FILES    = 
  CONFIG_HEADERS  = 
  CONFIG_LINKS    = 
  CONFIG_COMMANDS = 
  $ ./config.status 

on Hu-Mingxu.local

config.status:804: creating Makefile
config.status:804: creating src/Makefile
config.status:804: creating config.h
config.status:979: config.h is unchanged

## ---------------- ##
## Cache variables. ##
## ---------------- ##

ac_cv_c_compiler_gnu=yes
ac_cv_env_CC_set=
ac_cv_env_CC_value=
ac_cv_env_CFLAGS_set=
ac_cv_env_CFLAGS_value=
ac_cv_env_CPPFLAGS_set=
ac_cv_env_CPPFLAGS_value=
ac_cv_env_CPP_set=
ac_cv_env_CPP_value=
ac_cv_env_LDFLAGS_set=
ac_cv_env_LDFLAGS_value=
ac_cv_env_LIBS_set=
ac_cv_env_LIBS_value=
ac_cv_env_build_alias_set=
ac_cv_env_build_alias_value=
ac_cv_env_host_alias_set=
ac_cv_env_host_alias_value=
ac_cv_env_target_alias_set=
ac_cv_env_target_alias_value=
ac_cv_header_inttypes_h=yes
ac_cv_header_memory_h=yes
ac_cv_header_pthread_h=yes
ac_cv_header_stdc=yes
ac_cv_header_stdint_h=yes
ac_cv_header_stdlib_h=yes
ac_cv_header_string_h=yes
ac_cv_header_strings_h=yes
ac_cv_header_sys_stat_h=yes
ac_cv_header_sys_types_h=yes
ac_cv_header_unistd_h=yes
ac_cv_objext=o
ac_cv_path_EGREP='/opt/local/bin/grep -E'
ac_cv_path_GREP=/opt/local/bin/grep
ac_cv_path_install='/usr/bin/install -c'
ac_cv_prog_CPP='gcc -E'
ac_cv_prog_ac_ct_CC=gcc
ac_cv_prog_bash_var=yes
ac_cv_prog_cc_c89=
ac_cv_prog_cc_g=yes
ac_cv_search_pthread_create='none required'

## ----------------- ##
## Output variables. ##
## ----------------- ##

CC='gcc'
CFLAGS='-g -O2'
CPP='gcc -E'
CPPFLAGS=''
DEFS='-DHAVE_CONFIG_H'
ECHO_C='\c'
ECHO_N=''
ECHO_T=''
EGREP='/opt/local/bin/grep -E'
EXEEXT=''
GREP='/opt/local/bin/grep'
INSTALL_DATA='${INSTALL} -m 644'
INSTALL_PROGRAM='${INSTALL}'
INSTALL_SCRIPT='${INSTALL}'
LDFLAGS=''
LIBOBJS=''
LIBS=''
LTLIBOBJS=''
OBJEXT='o'
PACKAGE_BUGREPORT='hmx13@mails.tsinghua.edu.cn'
PACKAGE_NAME='Jupiter'
PACKAGE_STRING='Jupiter 1.0'
PACKAGE_TARNAME='jupiter'
PACKAGE_URL=''
PACKAGE_VERSION='1.0'
PATH_SEPARATOR=':'
SHELL='/bin/sh'
ac_ct_CC='gcc'
bash_var='yes'
bindir='${exec_prefix}/bin'
build_alias=''
datadir='${datarootdir}'
datarootdir='${prefix}/share'
docdir='${datarootdir}/doc/${PACKAGE_TARNAME}'
dvidir='${docdir}'
exec_prefix='${prefix}'
host_alias=''
htmldir='${docdir}'
includedir='${prefix}/include'
infodir='${datarootdir}/info'
libdir='${exec_prefix}/lib'
libexecdir='${exec_prefix}/libexec'
localedir='${datarootdir}/locale'
localstatedir='${prefix}/var'
mandir='${datarootdir}/man'
oldincludedir='/usr/include'
pdfdir='${docdir}'
prefix='/usr/local'
program_transform_name='s,x,x,'
psdir='${docdir}'
sbindir='${exec_prefix}/sbin'
sharedstatedir='${prefix}/com'
sysconfdir='${prefix}/etc'
target_alias=''

## ----------- ##
## confdefs.h. ##
## ----------- ##

/* confdefs.h */
#define PACKAGE_NAME "Jupiter"
#define PACKAGE_TARNAME "jupiter"
#define PACKAGE_VERSION "1.0"
#define PACKAGE_STRING "Jupiter 1.0"
#define PACKAGE_BUGREPORT "hmx13@mails.tsinghua.edu.cn"
#define PACKAGE_URL ""
#define STDC_HEADERS 1
#define HAVE_SYS_TYPES_H 1
#define HAVE_SYS_STAT_H 1
#define HAVE_STDLIB_H 1
#define HAVE_STRING_H 1
#define HAVE_MEMORY_H 1
#define HAVE_STRINGS_H 1
#define HAVE_INTTYPES_H 1
#define HAVE_STDINT_H 1
#define HAVE_UNISTD_H 1
#define HAVE_STDLIB_H 1

configure: exit 0
